{"level":"info","message":"Identity service running on port 7001","service":"identity-service","timestamp":"2025-01-06T17:11:25.322Z"}
{"0":"r","1":"e","2":"a","3":"s","4":"o","5":"n","level":"error","message":"unhandled Rejection at","service":"identity-service","timestamp":"2025-01-06T17:11:25.327Z"}
{"0":"r","1":"e","2":"a","3":"s","4":"o","5":"n","level":"error","message":"unhandled Rejection at","service":"identity-service","timestamp":"2025-01-06T17:11:25.328Z"}
{"level":"info","message":"Connected to Mongo Db","service":"identity-service","timestamp":"2025-01-06T17:11:38.440Z"}
{"level":"info","message":"Identity service running on port 7001","service":"identity-service","timestamp":"2025-01-06T17:13:12.923Z"}
{"0":"r","1":"e","2":"a","3":"s","4":"o","5":"n","level":"error","message":"unhandled Rejection at","service":"identity-service","timestamp":"2025-01-06T17:13:12.929Z"}
{"0":"r","1":"e","2":"a","3":"s","4":"o","5":"n","level":"error","message":"unhandled Rejection at","service":"identity-service","timestamp":"2025-01-06T17:13:12.930Z"}
{"level":"info","message":"Connected to Mongo Db","service":"identity-service","timestamp":"2025-01-06T17:13:15.194Z"}
{"level":"info","message":"Identity service running on port 7001","service":"identity-service","timestamp":"2025-01-06T17:14:21.590Z"}
{"0":"r","1":"e","2":"a","3":"s","4":"o","5":"n","level":"error","message":"unhandled Rejection at","service":"identity-service","timestamp":"2025-01-06T17:14:21.596Z"}
{"0":"r","1":"e","2":"a","3":"s","4":"o","5":"n","level":"error","message":"unhandled Rejection at","service":"identity-service","timestamp":"2025-01-06T17:14:21.597Z"}
{"level":"info","message":"Connected to Mongo Db","service":"identity-service","timestamp":"2025-01-06T17:14:23.033Z"}
{"level":"info","message":"Identity service running on port 7001","service":"identity-service","timestamp":"2025-01-06T17:50:47.010Z"}
{"0":"r","1":"e","2":"a","3":"s","4":"o","5":"n","level":"error","message":"unhandled Rejection at","service":"identity-service","timestamp":"2025-01-06T17:50:47.027Z"}
{"0":"r","1":"e","2":"a","3":"s","4":"o","5":"n","level":"error","message":"unhandled Rejection at","service":"identity-service","timestamp":"2025-01-06T17:50:47.030Z"}
{"level":"info","message":"Connected to Mongo Db","service":"identity-service","timestamp":"2025-01-06T17:50:54.167Z"}
{"level":"info","message":"Recieved POST request to /api/auth/register","service":"identity-service","timestamp":"2025-01-06T17:55:59.893Z"}
{"level":"info","message":"Request Body , [object Object]","service":"identity-service","timestamp":"2025-01-06T17:55:59.895Z"}
{"level":"error","message":"redisClient is not defined","service":"identity-service","stack":"ReferenceError: redisClient is not defined\n    at RedisStore.sendCommand (file:///C:/Dsa_note_Keeper/Indentity-service/src/server.js:71:46)\n    at RedisStore.loadIncrementScript (file:///C:/Dsa_note_Keeper/Indentity-service/node_modules/rate-limit-redis/dist/index.mjs:76:31)\n    at RedisStore.retryableIncrement (file:///C:/Dsa_note_Keeper/Indentity-service/node_modules/rate-limit-redis/dist/index.mjs:108:38)\n    at process.processTicksAndRejections (node:internal/process/task_queues:105:5)\n    at async RedisStore.increment (file:///C:/Dsa_note_Keeper/Indentity-service/node_modules/rate-limit-redis/dist/index.mjs:154:21)\n    at async file:///C:/Dsa_note_Keeper/Indentity-service/node_modules/express-rate-limit/dist/index.mjs:700:33\n    at async file:///C:/Dsa_note_Keeper/Indentity-service/node_modules/express-rate-limit/dist/index.mjs:676:5","timestamp":"2025-01-06T17:55:59.920Z"}
{"level":"info","message":"Identity service running on port 7001","service":"identity-service","timestamp":"2025-01-06T17:58:11.982Z"}
{"level":"info","message":"Connected to Mongo Db","service":"identity-service","timestamp":"2025-01-06T17:58:13.881Z"}
{"level":"info","message":"Recieved POST request to /api/auth/register","service":"identity-service","timestamp":"2025-01-06T17:58:34.041Z"}
{"level":"info","message":"Request Body , [object Object]","service":"identity-service","timestamp":"2025-01-06T17:58:34.044Z"}
{"level":"info","message":"Registeration endpoint hit...","service":"identity-service","timestamp":"2025-01-06T17:58:34.072Z"}
{"buffer":{"data":[103,124,25,202,106,163,189,49,156,219,126,38],"type":"Buffer"},"level":"warn","message":"user saved successfully","service":"identity-service","timestamp":"2025-01-06T17:58:34.659Z"}
{"code":"ERR_HTTP_HEADERS_SENT","level":"error","message":"Registration error occured Cannot set headers after they are sent to the client","service":"identity-service","stack":"Error [ERR_HTTP_HEADERS_SENT]: Cannot set headers after they are sent to the client\n    at ServerResponse.setHeader (node:_http_outgoing:699:11)\n    at ServerResponse.header (C:\\Dsa_note_Keeper\\Indentity-service\\node_modules\\express\\lib\\response.js:794:10)\n    at ServerResponse.send (C:\\Dsa_note_Keeper\\Indentity-service\\node_modules\\express\\lib\\response.js:174:12)\n    at ServerResponse.json (C:\\Dsa_note_Keeper\\Indentity-service\\node_modules\\express\\lib\\response.js:278:15)\n    at registerUser (file:///C:/Dsa_note_Keeper/Indentity-service/src/controllers/indentity.controller.js:40:25)\n    at process.processTicksAndRejections (node:internal/process/task_queues:105:5)","timestamp":"2025-01-06T17:58:34.676Z"}
{"0":"r","1":"e","2":"a","3":"s","4":"o","5":"n","code":"ERR_HTTP_HEADERS_SENT","level":"error","message":"unhandled Rejection at","service":"identity-service","timestamp":"2025-01-06T17:58:34.684Z"}
{"level":"info","message":"Recieved POST request to /api/auth/register","service":"identity-service","timestamp":"2025-01-06T18:19:41.926Z"}
{"level":"info","message":"Request Body , [object Object]","service":"identity-service","timestamp":"2025-01-06T18:19:41.929Z"}
{"level":"info","message":"Registeration endpoint hit...","service":"identity-service","timestamp":"2025-01-06T18:19:41.938Z"}
{"level":"warn","message":"user already exist","service":"identity-service","timestamp":"2025-01-06T18:19:42.027Z"}
{"code":"ERR_HTTP_HEADERS_SENT","level":"error","message":"Registration error occured Cannot set headers after they are sent to the client","service":"identity-service","stack":"Error [ERR_HTTP_HEADERS_SENT]: Cannot set headers after they are sent to the client\n    at ServerResponse.setHeader (node:_http_outgoing:699:11)\n    at ServerResponse.header (C:\\Dsa_note_Keeper\\Indentity-service\\node_modules\\express\\lib\\response.js:794:10)\n    at ServerResponse.send (C:\\Dsa_note_Keeper\\Indentity-service\\node_modules\\express\\lib\\response.js:174:12)\n    at ServerResponse.json (C:\\Dsa_note_Keeper\\Indentity-service\\node_modules\\express\\lib\\response.js:278:15)\n    at registerUser (file:///C:/Dsa_note_Keeper/Indentity-service/src/controllers/indentity.controller.js:26:36)\n    at process.processTicksAndRejections (node:internal/process/task_queues:105:5)","timestamp":"2025-01-06T18:19:42.030Z"}
{"0":"r","1":"e","2":"a","3":"s","4":"o","5":"n","code":"ERR_HTTP_HEADERS_SENT","level":"error","message":"unhandled Rejection at","service":"identity-service","timestamp":"2025-01-06T18:19:42.032Z"}
